{"/Users/allarviinamae/EduWorkspace/IDX5060/case_study/src/hero.js": {"path":"/Users/allarviinamae/EduWorkspace/IDX5060/case_study/src/hero.js","statementMap":{"0":{"start":{"line":6,"column":4},"end":{"line":6,"column":25}},"1":{"start":{"line":8,"column":4},"end":{"line":8,"column":33}},"2":{"start":{"line":9,"column":4},"end":{"line":9,"column":33}},"3":{"start":{"line":10,"column":4},"end":{"line":10,"column":28}},"4":{"start":{"line":12,"column":20},"end":{"line":12,"column":54}},"5":{"start":{"line":13,"column":4},"end":{"line":13,"column":51}},"6":{"start":{"line":14,"column":4},"end":{"line":14,"column":29}},"7":{"start":{"line":15,"column":4},"end":{"line":15,"column":32}},"8":{"start":{"line":16,"column":4},"end":{"line":16,"column":29}},"9":{"start":{"line":18,"column":19},"end":{"line":18,"column":53}},"10":{"start":{"line":19,"column":4},"end":{"line":19,"column":51}},"11":{"start":{"line":20,"column":4},"end":{"line":20,"column":29}},"12":{"start":{"line":21,"column":4},"end":{"line":21,"column":29}},"13":{"start":{"line":22,"column":4},"end":{"line":22,"column":29}},"14":{"start":{"line":24,"column":4},"end":{"line":24,"column":35}},"15":{"start":{"line":25,"column":4},"end":{"line":25,"column":50}},"16":{"start":{"line":26,"column":4},"end":{"line":26,"column":29}},"17":{"start":{"line":28,"column":19},"end":{"line":28,"column":56}},"18":{"start":{"line":29,"column":4},"end":{"line":29,"column":49}},"19":{"start":{"line":30,"column":4},"end":{"line":30,"column":29}},"20":{"start":{"line":31,"column":4},"end":{"line":31,"column":31}},"21":{"start":{"line":32,"column":4},"end":{"line":32,"column":28}},"22":{"start":{"line":34,"column":18},"end":{"line":34,"column":52}},"23":{"start":{"line":36,"column":4},"end":{"line":36,"column":49}},"24":{"start":{"line":37,"column":4},"end":{"line":37,"column":28}},"25":{"start":{"line":38,"column":4},"end":{"line":38,"column":28}},"26":{"start":{"line":39,"column":4},"end":{"line":39,"column":28}},"27":{"start":{"line":40,"column":4},"end":{"line":40,"column":31}},"28":{"start":{"line":41,"column":4},"end":{"line":41,"column":28}},"29":{"start":{"line":43,"column":4},"end":{"line":43,"column":33}},"30":{"start":{"line":44,"column":4},"end":{"line":44,"column":48}},"31":{"start":{"line":45,"column":4},"end":{"line":45,"column":31}},"32":{"start":{"line":46,"column":4},"end":{"line":46,"column":28}},"33":{"start":{"line":48,"column":4},"end":{"line":53,"column":6}},"34":{"start":{"line":49,"column":6},"end":{"line":52,"column":7}},"35":{"start":{"line":50,"column":8},"end":{"line":50,"column":32}},"36":{"start":{"line":51,"column":8},"end":{"line":51,"column":35}},"37":{"start":{"line":57,"column":12},"end":{"line":57,"column":15}},"38":{"start":{"line":58,"column":12},"end":{"line":58,"column":29}},"39":{"start":{"line":60,"column":4},"end":{"line":60,"column":25}},"40":{"start":{"line":62,"column":14},"end":{"line":62,"column":15}},"41":{"start":{"line":64,"column":4},"end":{"line":64,"column":26}},"42":{"start":{"line":65,"column":4},"end":{"line":65,"column":44}},"43":{"start":{"line":66,"column":4},"end":{"line":66,"column":45}},"44":{"start":{"line":67,"column":4},"end":{"line":67,"column":54}},"45":{"start":{"line":68,"column":4},"end":{"line":68,"column":55}},"46":{"start":{"line":69,"column":4},"end":{"line":69,"column":60}},"47":{"start":{"line":70,"column":4},"end":{"line":70,"column":60}},"48":{"start":{"line":71,"column":4},"end":{"line":71,"column":59}},"49":{"start":{"line":72,"column":4},"end":{"line":72,"column":59}},"50":{"start":{"line":73,"column":4},"end":{"line":73,"column":63}},"51":{"start":{"line":74,"column":4},"end":{"line":74,"column":46}},"52":{"start":{"line":75,"column":4},"end":{"line":75,"column":54}},"53":{"start":{"line":76,"column":4},"end":{"line":76,"column":56}},"54":{"start":{"line":77,"column":4},"end":{"line":77,"column":64}},"55":{"start":{"line":78,"column":4},"end":{"line":78,"column":51}},"56":{"start":{"line":79,"column":4},"end":{"line":79,"column":51}},"57":{"start":{"line":80,"column":4},"end":{"line":86,"column":5}},"58":{"start":{"line":81,"column":6},"end":{"line":81,"column":72}},"59":{"start":{"line":82,"column":6},"end":{"line":82,"column":30}},"60":{"start":{"line":84,"column":6},"end":{"line":84,"column":30}},"61":{"start":{"line":85,"column":6},"end":{"line":85,"column":72}},"62":{"start":{"line":92,"column":15},"end":{"line":97,"column":2}},"63":{"start":{"line":99,"column":14},"end":{"line":102,"column":2}},"64":{"start":{"line":104,"column":0},"end":{"line":104,"column":21}}},"fnMap":{"0":{"name":"(anonymous_0)","decl":{"start":{"line":5,"column":2},"end":{"line":5,"column":3}},"loc":{"start":{"line":5,"column":17},"end":{"line":54,"column":3}},"line":5},"1":{"name":"(anonymous_1)","decl":{"start":{"line":48,"column":23},"end":{"line":48,"column":24}},"loc":{"start":{"line":48,"column":41},"end":{"line":53,"column":5}},"line":48},"2":{"name":"(anonymous_2)","decl":{"start":{"line":56,"column":2},"end":{"line":56,"column":3}},"loc":{"start":{"line":56,"column":9},"end":{"line":87,"column":3}},"line":56}},"branchMap":{"0":{"loc":{"start":{"line":49,"column":6},"end":{"line":52,"column":7}},"type":"if","locations":[{"start":{"line":49,"column":6},"end":{"line":52,"column":7}},{"start":{"line":49,"column":6},"end":{"line":52,"column":7}}],"line":49},"1":{"loc":{"start":{"line":80,"column":4},"end":{"line":86,"column":5}},"type":"if","locations":[{"start":{"line":80,"column":4},"end":{"line":86,"column":5}},{"start":{"line":80,"column":4},"end":{"line":86,"column":5}}],"line":80}},"s":{"0":1,"1":1,"2":1,"3":1,"4":1,"5":1,"6":1,"7":1,"8":1,"9":1,"10":1,"11":1,"12":1,"13":1,"14":1,"15":1,"16":1,"17":1,"18":1,"19":1,"20":1,"21":1,"22":1,"23":1,"24":1,"25":1,"26":1,"27":1,"28":1,"29":1,"30":1,"31":1,"32":1,"33":1,"34":7,"35":6,"36":6,"37":0,"38":0,"39":0,"40":0,"41":0,"42":0,"43":0,"44":0,"45":0,"46":0,"47":0,"48":0,"49":0,"50":0,"51":0,"52":0,"53":0,"54":0,"55":0,"56":0,"57":0,"58":0,"59":0,"60":0,"61":0,"62":1,"63":1,"64":1},"f":{"0":1,"1":7,"2":0},"b":{"0":[6,1],"1":[0,0]},"_coverageSchema":"332fd63041d2c1bcb487cc26dd0d5f7d97098a6c","hash":"bc645cf71456f1e33319ebf2afeffa97fd8b6d3c"}
}
