TN:
SF:/Users/allarviinamae/EduWorkspace/IDX5060/case_study/src/Hero.js
FN:5,(anonymous_0)
FN:48,(anonymous_1)
FN:56,(anonymous_2)
FNF:3
FNH:2
FNDA:1,(anonymous_0)
FNDA:7,(anonymous_1)
FNDA:0,(anonymous_2)
DA:6,1
DA:8,1
DA:9,1
DA:10,1
DA:12,1
DA:13,1
DA:14,1
DA:15,1
DA:16,1
DA:18,1
DA:19,1
DA:20,1
DA:21,1
DA:22,1
DA:24,1
DA:25,1
DA:26,1
DA:28,1
DA:29,1
DA:30,1
DA:31,1
DA:32,1
DA:34,1
DA:36,1
DA:37,1
DA:38,1
DA:39,1
DA:40,1
DA:41,1
DA:43,1
DA:44,1
DA:45,1
DA:46,1
DA:48,1
DA:49,7
DA:50,6
DA:51,6
DA:57,0
DA:58,0
DA:60,0
DA:62,0
DA:64,0
DA:65,0
DA:66,0
DA:67,0
DA:68,0
DA:69,0
DA:70,0
DA:71,0
DA:72,0
DA:73,0
DA:74,0
DA:75,0
DA:76,0
DA:77,0
DA:78,0
DA:79,0
DA:80,0
DA:81,0
DA:82,0
DA:84,0
DA:85,0
DA:92,1
DA:99,1
DA:104,1
LF:65
LH:40
BRDA:49,0,0,6
BRDA:49,0,1,1
BRDA:80,1,0,0
BRDA:80,1,1,0
BRF:4
BRH:2
end_of_record
